--------------------
./configure CROSS_PREFIX=aarch64-linux-gnu-
2025年 07月 26日 星期六 19:30:41 -08
unknown option: CROSS_PREFIX=aarch64-linux-gnu-
./configure --help for help
** ./configure aborting.
--------------------


--------------------
./configure
2025年 07月 26日 星期六 19:30:57 -08
Using aarch64-linux-gnu-ar
Using aarch64-linux-gnu-ranlib
Using aarch64-linux-gnu-nm
Checking for aarch64-linux-gnu-gcc...
=== ztest1385.c ===
extern int getchar();
int hello() {return getchar();}
===
aarch64-linux-gnu-gcc -c ztest1385.c
... using gcc

Checking for obsessive-compulsive compiler options...
=== ztest1385.c ===
int foo() { return 0; }
===
aarch64-linux-gnu-gcc -c -O3 ztest1385.c

Checking for shared library support...
=== ztest1385.c ===
extern int getchar();
int hello() {return getchar();}
===
aarch64-linux-gnu-gcc -c -O3 -fPIC ztest1385.c
aarch64-linux-gnu-gcc -shared -Wl,-soname,libz.so.1,--version-script,zlib.map -O3 -fPIC -o ztest1385.so ztest1385.o
Building shared library libz.so.1.3.1 with aarch64-linux-gnu-gcc.

=== ztest1385.c ===
#include <stdio.h>
#include <stdlib.h>
size_t dummy = 0;
===
aarch64-linux-gnu-gcc -c -O3 ztest1385.c
Checking for size_t... Yes.

=== ztest1385.c ===
#include <sys/types.h>
off64_t dummy = 0;
===
aarch64-linux-gnu-gcc -c -O3 -D_LARGEFILE64_SOURCE=1 ztest1385.c
Checking for off64_t... Yes.
Checking for fseeko... Yes.

=== ztest1385.c ===
#include <string.h>
#include <errno.h>
int main() { return strlen(strerror(errno)); }
===
aarch64-linux-gnu-gcc -O3 -D_LARGEFILE64_SOURCE=1 -o ztest1385 ztest1385.c
Checking for strerror... Yes.

=== ztest1385.c ===
#include <unistd.h>
int main() { return 0; }
===
aarch64-linux-gnu-gcc -c -O3 -D_LARGEFILE64_SOURCE=1 ztest1385.c
Checking for unistd.h... Yes.

=== ztest1385.c ===
#include <stdarg.h>
int main() { return 0; }
===
aarch64-linux-gnu-gcc -c -O3 -D_LARGEFILE64_SOURCE=1 ztest1385.c
Checking for stdarg.h... Yes.

=== ztest1385.c ===
#include <stdio.h>
#include <stdarg.h>
#include "zconf.h"
int main()
{
#ifndef STDC
  choke me
#endif
  return 0;
}
===
aarch64-linux-gnu-gcc -c -O3 -D_LARGEFILE64_SOURCE=1 ztest1385.c
Checking whether to use vs[n]printf() or s[n]printf()... using vs[n]printf().

=== ztest1385.c ===
#include <stdio.h>
#include <stdarg.h>
int mytest(const char *fmt, ...)
{
  char buf[20];
  va_list ap;
  va_start(ap, fmt);
  vsnprintf(buf, sizeof(buf), fmt, ap);
  va_end(ap);
  return 0;
}
int main()
{
  return (mytest("Hello%d\n", 1));
}
===
aarch64-linux-gnu-gcc -O3 -D_LARGEFILE64_SOURCE=1 -o ztest1385 ztest1385.c
Checking for vsnprintf() in stdio.h... Yes.

=== ztest1385.c ===
#include <stdio.h>
#include <stdarg.h>
int mytest(const char *fmt, ...)
{
  int n;
  char buf[20];
  va_list ap;
  va_start(ap, fmt);
  n = vsnprintf(buf, sizeof(buf), fmt, ap);
  va_end(ap);
  return n;
}
int main()
{
  return (mytest("Hello%d\n", 1));
}
===
aarch64-linux-gnu-gcc -c -O3 -D_LARGEFILE64_SOURCE=1 ztest1385.c
Checking for return value of vsnprintf()... Yes.

=== ztest1385.c ===
#define ZLIB_INTERNAL __attribute__((visibility ("hidden")))
int ZLIB_INTERNAL foo;
int main()
{
  return 0;
}
===
aarch64-linux-gnu-gcc -c -O3 -D_LARGEFILE64_SOURCE=1 ztest1385.c
Checking for attribute(visibility) support... Yes.

ALL = static shared all64
AR = aarch64-linux-gnu-ar
ARFLAGS = rc
CC = aarch64-linux-gnu-gcc
CFLAGS = -O3 -D_LARGEFILE64_SOURCE=1 -DHAVE_HIDDEN
CPP =
EXE =
LDCONFIG = ldconfig
LDFLAGS =
LDSHARED = aarch64-linux-gnu-gcc -shared -Wl,-soname,libz.so.1,--version-script,zlib.map
LDSHAREDLIBC = -lc
OBJC = $(OBJZ) $(OBJG)
PIC_OBJC = $(PIC_OBJZ) $(PIC_OBJG)
RANLIB = aarch64-linux-gnu-ranlib
SFLAGS = -O3 -fPIC -D_LARGEFILE64_SOURCE=1 -DHAVE_HIDDEN
SHAREDLIB = libz.so
SHAREDLIBM = libz.so.1
SHAREDLIBV = libz.so.1.3.1
STATICLIB = libz.a
TEST = all teststatic testshared test64
VER = 1.3.1
SRCDIR =
exec_prefix = ${prefix}
includedir = ${prefix}/include
libdir = ${exec_prefix}/lib
mandir = ${prefix}/share/man
prefix = /usr/local
sharedlibdir = ${libdir}
uname = Linux
--------------------


--------------------
./configure --help
Sat Jul 26 19:43:58 -08 2025
usage:
  configure [--const] [--zprefix] [--prefix=PREFIX]  [--eprefix=EXPREFIX]
    [--static] [--64] [--libdir=LIBDIR] [--sharedlibdir=LIBDIR]
    [--includedir=INCLUDEDIR] [--archs="-arch i386 -arch x86_64"]
--------------------
./configure CROSS_PREFIX=x86_64-linux-gnu-
2025年 07月 26日 星期六 19:44:09 -08
unknown option: CROSS_PREFIX=x86_64-linux-gnu-
./configure --help for help
** ./configure aborting.
--------------------


--------------------
./configure CROSS_PREFIX=x86_64-linux-gnu
2025年 07月 26日 星期六 19:44:12 -08
unknown option: CROSS_PREFIX=x86_64-linux-gnu
./configure --help for help
** ./configure aborting.
--------------------


--------------------
./configure
2025年 07月 26日 星期六 19:45:00 -08
Using x86_64-linux-gnu-ar
Using x86_64-linux-gnu-ranlib
Using x86_64-linux-gnu-nm
Checking for x86_64-linux-gnu-gcc...
=== ztest9709.c ===
extern int getchar();
int hello() {return getchar();}
===
x86_64-linux-gnu-gcc -c ztest9709.c
... using gcc

Checking for obsessive-compulsive compiler options...
=== ztest9709.c ===
int foo() { return 0; }
===
x86_64-linux-gnu-gcc -c -O3 ztest9709.c

Checking for shared library support...
=== ztest9709.c ===
extern int getchar();
int hello() {return getchar();}
===
x86_64-linux-gnu-gcc -c -O3 -fPIC ztest9709.c
x86_64-linux-gnu-gcc -shared -Wl,-soname,libz.so.1,--version-script,zlib.map -O3 -fPIC -o ztest9709.so ztest9709.o
Building shared library libz.so.1.3.1 with x86_64-linux-gnu-gcc.

=== ztest9709.c ===
#include <stdio.h>
#include <stdlib.h>
size_t dummy = 0;
===
x86_64-linux-gnu-gcc -c -O3 ztest9709.c
Checking for size_t... Yes.

=== ztest9709.c ===
#include <sys/types.h>
off64_t dummy = 0;
===
x86_64-linux-gnu-gcc -c -O3 -D_LARGEFILE64_SOURCE=1 ztest9709.c
Checking for off64_t... Yes.
Checking for fseeko... Yes.

=== ztest9709.c ===
#include <string.h>
#include <errno.h>
int main() { return strlen(strerror(errno)); }
===
x86_64-linux-gnu-gcc -O3 -D_LARGEFILE64_SOURCE=1 -o ztest9709 ztest9709.c
Checking for strerror... Yes.

=== ztest9709.c ===
#include <unistd.h>
int main() { return 0; }
===
x86_64-linux-gnu-gcc -c -O3 -D_LARGEFILE64_SOURCE=1 ztest9709.c
Checking for unistd.h... Yes.

=== ztest9709.c ===
#include <stdarg.h>
int main() { return 0; }
===
x86_64-linux-gnu-gcc -c -O3 -D_LARGEFILE64_SOURCE=1 ztest9709.c
Checking for stdarg.h... Yes.

=== ztest9709.c ===
#include <stdio.h>
#include <stdarg.h>
#include "zconf.h"
int main()
{
#ifndef STDC
  choke me
#endif
  return 0;
}
===
x86_64-linux-gnu-gcc -c -O3 -D_LARGEFILE64_SOURCE=1 ztest9709.c
Checking whether to use vs[n]printf() or s[n]printf()... using vs[n]printf().

=== ztest9709.c ===
#include <stdio.h>
#include <stdarg.h>
int mytest(const char *fmt, ...)
{
  char buf[20];
  va_list ap;
  va_start(ap, fmt);
  vsnprintf(buf, sizeof(buf), fmt, ap);
  va_end(ap);
  return 0;
}
int main()
{
  return (mytest("Hello%d\n", 1));
}
===
x86_64-linux-gnu-gcc -O3 -D_LARGEFILE64_SOURCE=1 -o ztest9709 ztest9709.c
Checking for vsnprintf() in stdio.h... Yes.

=== ztest9709.c ===
#include <stdio.h>
#include <stdarg.h>
int mytest(const char *fmt, ...)
{
  int n;
  char buf[20];
  va_list ap;
  va_start(ap, fmt);
  n = vsnprintf(buf, sizeof(buf), fmt, ap);
  va_end(ap);
  return n;
}
int main()
{
  return (mytest("Hello%d\n", 1));
}
===
x86_64-linux-gnu-gcc -c -O3 -D_LARGEFILE64_SOURCE=1 ztest9709.c
Checking for return value of vsnprintf()... Yes.

=== ztest9709.c ===
#define ZLIB_INTERNAL __attribute__((visibility ("hidden")))
int ZLIB_INTERNAL foo;
int main()
{
  return 0;
}
===
x86_64-linux-gnu-gcc -c -O3 -D_LARGEFILE64_SOURCE=1 ztest9709.c
Checking for attribute(visibility) support... Yes.

ALL = static shared all64
AR = x86_64-linux-gnu-ar
ARFLAGS = rc
CC = x86_64-linux-gnu-gcc
CFLAGS = -O3 -D_LARGEFILE64_SOURCE=1 -DHAVE_HIDDEN
CPP =
EXE =
LDCONFIG = ldconfig
LDFLAGS =
LDSHARED = x86_64-linux-gnu-gcc -shared -Wl,-soname,libz.so.1,--version-script,zlib.map
LDSHAREDLIBC = -lc
OBJC = $(OBJZ) $(OBJG)
PIC_OBJC = $(PIC_OBJZ) $(PIC_OBJG)
RANLIB = x86_64-linux-gnu-ranlib
SFLAGS = -O3 -fPIC -D_LARGEFILE64_SOURCE=1 -DHAVE_HIDDEN
SHAREDLIB = libz.so
SHAREDLIBM = libz.so.1
SHAREDLIBV = libz.so.1.3.1
STATICLIB = libz.a
TEST = all teststatic testshared test64
VER = 1.3.1
SRCDIR =
exec_prefix = ${prefix}
includedir = ${prefix}/include
libdir = ${exec_prefix}/lib
mandir = ${prefix}/share/man
prefix = /usr/local
sharedlibdir = ${libdir}
uname = Linux
--------------------


